{"uuid":"1f7b48b4-3a91-4023-a43e-9ca13aa93119","name":"WebTests.Hetzner_Web","start":1541415573268,"stop":1541415583548,"children":["6af1f82d-84f2-4fee-977a-af9979722440","9fe91189-d386-44ba-9493-fac9a554962a","23bb7ff6-226c-4ac3-8289-cea610f881ec"],"befores":[{"name":"classSetup","status":"passed","stage":"finished","description":"","start":1541415573277,"stop":1541415574372}],"afters":[{"name":"ensClass","status":"broken","statusDetails":{"known":false,"muted":false,"flaky":false,"message":"Cannot run program \"/bin/bash\": CreateProcess error=2, The system cannot find the file specified","trace":"java.io.IOException: Cannot run program \"/bin/bash\": CreateProcess error=2, The system cannot find the file specified\r\n\tat java.lang.ProcessBuilder.start(ProcessBuilder.java:1048)\r\n\tat java.lang.Runtime.exec(Runtime.java:620)\r\n\tat java.lang.Runtime.exec(Runtime.java:450)\r\n\tat java.lang.Runtime.exec(Runtime.java:347)\r\n\tat BaseClass.BaseTestWeb.ensClass(BaseTestWeb.java:50)\r\n\tat sun.reflect.NativeMethodAccessorImpl.invoke0(Native Method)\r\n\tat sun.reflect.NativeMethodAccessorImpl.invoke(NativeMethodAccessorImpl.java:62)\r\n\tat sun.reflect.DelegatingMethodAccessorImpl.invoke(DelegatingMethodAccessorImpl.java:43)\r\n\tat java.lang.reflect.Method.invoke(Method.java:498)\r\n\tat org.testng.internal.MethodInvocationHelper.invokeMethod(MethodInvocationHelper.java:108)\r\n\tat org.testng.internal.Invoker.invokeConfigurationMethod(Invoker.java:523)\r\n\tat org.testng.internal.Invoker.invokeConfigurations(Invoker.java:224)\r\n\tat org.testng.internal.Invoker.invokeConfigurations(Invoker.java:146)\r\n\tat org.testng.internal.TestMethodWorker.invokeAfterClassMethods(TestMethodWorker.java:212)\r\n\tat org.testng.internal.TestMethodWorker.run(TestMethodWorker.java:112)\r\n\tat org.testng.TestRunner.privateRun(TestRunner.java:744)\r\n\tat org.testng.TestRunner.run(TestRunner.java:602)\r\n\tat org.testng.SuiteRunner.runTest(SuiteRunner.java:380)\r\n\tat org.testng.SuiteRunner.runSequentially(SuiteRunner.java:375)\r\n\tat org.testng.SuiteRunner.privateRun(SuiteRunner.java:340)\r\n\tat org.testng.SuiteRunner.run(SuiteRunner.java:289)\r\n\tat org.testng.SuiteRunnerWorker.runSuite(SuiteRunnerWorker.java:52)\r\n\tat org.testng.SuiteRunnerWorker.run(SuiteRunnerWorker.java:86)\r\n\tat org.testng.TestNG.runSuitesSequentially(TestNG.java:1301)\r\n\tat org.testng.TestNG.runSuitesLocally(TestNG.java:1226)\r\n\tat org.testng.TestNG.runSuites(TestNG.java:1144)\r\n\tat org.testng.TestNG.run(TestNG.java:1115)\r\n\tat org.testng.IDEARemoteTestNG.run(IDEARemoteTestNG.java:72)\r\n\tat org.testng.RemoteTestNGStarter.main(RemoteTestNGStarter.java:123)\r\nCaused by: java.io.IOException: CreateProcess error=2, The system cannot find the file specified\r\n\tat java.lang.ProcessImpl.create(Native Method)\r\n\tat java.lang.ProcessImpl.<init>(ProcessImpl.java:386)\r\n\tat java.lang.ProcessImpl.start(ProcessImpl.java:137)\r\n\tat java.lang.ProcessBuilder.start(ProcessBuilder.java:1029)\r\n\t... 28 more\r\n"},"stage":"finished","description":"","start":1541415583536,"stop":1541415583539}]}