{"uuid":"f0f53109-500a-41f7-9042-5c86180eaad5","name":"WebTests.Hetzner_Web","start":1541410986003,"stop":1541410997579,"children":["3bac8184-747e-4a2a-8d24-a4d790a680d4"],"befores":[{"name":"classSetup","status":"passed","stage":"finished","description":"","start":1541410986012,"stop":1541410986970}],"afters":[{"name":"ensClass","status":"broken","statusDetails":{"known":false,"muted":false,"flaky":false,"message":"Cannot run program \"/bin/bash\": CreateProcess error=2, The system cannot find the file specified","trace":"java.io.IOException: Cannot run program \"/bin/bash\": CreateProcess error=2, The system cannot find the file specified\r\n\tat java.lang.ProcessBuilder.start(ProcessBuilder.java:1048)\r\n\tat java.lang.Runtime.exec(Runtime.java:620)\r\n\tat java.lang.Runtime.exec(Runtime.java:450)\r\n\tat java.lang.Runtime.exec(Runtime.java:347)\r\n\tat BaseClass.BaseTestWeb.ensClass(BaseTestWeb.java:48)\r\n\tat sun.reflect.NativeMethodAccessorImpl.invoke0(Native Method)\r\n\tat sun.reflect.NativeMethodAccessorImpl.invoke(NativeMethodAccessorImpl.java:62)\r\n\tat sun.reflect.DelegatingMethodAccessorImpl.invoke(DelegatingMethodAccessorImpl.java:43)\r\n\tat java.lang.reflect.Method.invoke(Method.java:498)\r\n\tat org.testng.internal.MethodInvocationHelper.invokeMethod(MethodInvocationHelper.java:108)\r\n\tat org.testng.internal.Invoker.invokeConfigurationMethod(Invoker.java:523)\r\n\tat org.testng.internal.Invoker.invokeConfigurations(Invoker.java:224)\r\n\tat org.testng.internal.Invoker.invokeConfigurations(Invoker.java:146)\r\n\tat org.testng.internal.TestMethodWorker.invokeAfterClassMethods(TestMethodWorker.java:212)\r\n\tat org.testng.internal.TestMethodWorker.run(TestMethodWorker.java:112)\r\n\tat org.testng.TestRunner.privateRun(TestRunner.java:744)\r\n\tat org.testng.TestRunner.run(TestRunner.java:602)\r\n\tat org.testng.SuiteRunner.runTest(SuiteRunner.java:380)\r\n\tat org.testng.SuiteRunner.runSequentially(SuiteRunner.java:375)\r\n\tat org.testng.SuiteRunner.privateRun(SuiteRunner.java:340)\r\n\tat org.testng.SuiteRunner.run(SuiteRunner.java:289)\r\n\tat org.testng.SuiteRunnerWorker.runSuite(SuiteRunnerWorker.java:52)\r\n\tat org.testng.SuiteRunnerWorker.run(SuiteRunnerWorker.java:86)\r\n\tat org.testng.TestNG.runSuitesSequentially(TestNG.java:1301)\r\n\tat org.testng.TestNG.runSuitesLocally(TestNG.java:1226)\r\n\tat org.testng.TestNG.runSuites(TestNG.java:1144)\r\n\tat org.testng.TestNG.run(TestNG.java:1115)\r\n\tat org.testng.IDEARemoteTestNG.run(IDEARemoteTestNG.java:72)\r\n\tat org.testng.RemoteTestNGStarter.main(RemoteTestNGStarter.java:123)\r\nCaused by: java.io.IOException: CreateProcess error=2, The system cannot find the file specified\r\n\tat java.lang.ProcessImpl.create(Native Method)\r\n\tat java.lang.ProcessImpl.<init>(ProcessImpl.java:386)\r\n\tat java.lang.ProcessImpl.start(ProcessImpl.java:137)\r\n\tat java.lang.ProcessBuilder.start(ProcessBuilder.java:1029)\r\n\t... 28 more\r\n"},"stage":"finished","description":"","start":1541410997554,"stop":1541410997561}]}